This file contains any messages produced by compilers while
running configure, to aid debugging if configure makes a mistake.

It was created by apertium-fr-ia configure 0.2.0, which was
generated by GNU Autoconf 2.69.  Invocation command line was

  $ ./configure --with-lang1=../apertium-fr --with-lang2=../apertium-ia

## --------- ##
## Platform. ##
## --------- ##

hostname = ethanchi
uname -m = x86_64
uname -r = 12.4.0
uname -s = Darwin
uname -v = Darwin Kernel Version 12.4.0: Wed May  1 17:57:12 PDT 2013; root:xnu-2050.24.15~1/RELEASE_X86_64

/usr/bin/uname -p = i386
/bin/uname -X     = unknown

/bin/arch              = unknown
/usr/bin/arch -k       = unknown
/usr/convex/getsysinfo = unknown
/usr/bin/hostinfo      = Mach kernel version:
	 Darwin Kernel Version 12.4.0: Wed May  1 17:57:12 PDT 2013; root:xnu-2050.24.15~1/RELEASE_X86_64
Kernel configured for up to 8 processors.
4 processors are physically available.
8 processors are logically available.
Processor type: i486 (Intel 80486)
Processors active: 0 1 2 3 4 5 6 7
Primary memory available: 14.00 gigabytes
Default processor set: 192 tasks, 1310 threads, 8 processors
Load average: 1.94, Mach factor: 6.05
/bin/machine           = unknown
/usr/bin/oslevel       = unknown
/bin/universe          = unknown

PATH: /Users/ethanchi/google-cloud-sdk/bin
PATH: /Users/ethanchi/.pyenv/shims
PATH: /Users/ethanchi/.pyenv/shims
PATH: /Library/Frameworks/Python.framework/Versions/2.7/bin
PATH: /opt/local/bin
PATH: /opt/local/sbin
PATH: /opt/local/bin
PATH: /opt/local/sbin
PATH: /Library/Frameworks/Python.framework/Versions/2.7/bin
PATH: /Library/Frameworks/Python.framework/Versions/Current/bin
PATH: /Users/ethanchi/.pyenv/bin
PATH: /usr/local/bin
PATH: /usr/bin
PATH: /bin
PATH: /usr/sbin
PATH: /sbin
PATH: /usr/local/bin
PATH: /opt/X11/bin
PATH: /usr/local/git/bin
PATH: /usr/local/MacGPG2/bin
PATH: /Library/TeX/texbin
PATH: /usr/local/bin


## ----------- ##
## Core tests. ##
## ----------- ##

configure:1827: checking for a BSD-compatible install
configure:1895: result: /usr/bin/install -c
configure:1906: checking whether build environment is sane
configure:1961: result: yes
configure:2112: checking for a thread-safe mkdir -p
configure:2151: result: ./install-sh -c -d
configure:2158: checking for gawk
configure:2174: found /opt/local/bin/gawk
configure:2185: result: gawk
configure:2196: checking whether make sets $(MAKE)
configure:2218: result: yes
configure:2247: checking whether make supports nested variables
configure:2264: result: yes
configure:2381: checking whether ln -s works
configure:2385: result: yes
configure:2396: checking for gawk
configure:2423: result: gawk
configure:2490: checking for pkg-config
configure:2508: found /opt/local/bin/pkg-config
configure:2520: result: /opt/local/bin/pkg-config
configure:2545: checking pkg-config is at least version 0.9.0
configure:2548: result: yes
configure:2558: checking for APERTIUM
configure:2565: $PKG_CONFIG --exists --print-errors "apertium >= 3.3.0"
configure:2568: $? = 0
configure:2582: $PKG_CONFIG --exists --print-errors "apertium >= 3.3.0"
configure:2585: $? = 0
configure:2803: result: yes
configure:2812: checking for cg-comp
configure:2830: found /usr/local/bin/cg-comp
configure:2843: result: /usr/local/bin/cg-comp
configure:2857: checking for cg-proc
configure:2875: found /usr/local/bin/cg-proc
configure:2888: result: /usr/local/bin/cg-proc
configure:2902: checking for lrx-comp
configure:2920: found /usr/local/bin/lrx-comp
configure:2933: result: /usr/local/bin/lrx-comp
configure:2947: checking for lrx-proc
configure:2965: found /usr/local/bin/lrx-proc
configure:2978: result: /usr/local/bin/lrx-proc
configure:2994: checking for gzcat
configure:3012: found /usr/bin/gzcat
configure:3024: result: /usr/bin/gzcat
configure:3491: checking that generated files are newer than configure
configure:3497: result: done
configure:3505: creating ./config.status

## ---------------------- ##
## Running config.status. ##
## ---------------------- ##

This file was extended by apertium-fr-ia config.status 0.2.0, which was
generated by GNU Autoconf 2.69.  Invocation command line was

  CONFIG_FILES    = 
  CONFIG_HEADERS  = 
  CONFIG_LINKS    = 
  CONFIG_COMMANDS = 
  $ ./config.status 

on ethanchi

config.status:790: creating Makefile

## ---------------- ##
## Cache variables. ##
## ---------------- ##

ac_cv_env_APERTIUM_CFLAGS_set=
ac_cv_env_APERTIUM_CFLAGS_value=
ac_cv_env_APERTIUM_FR_CFLAGS_set=
ac_cv_env_APERTIUM_FR_CFLAGS_value=
ac_cv_env_APERTIUM_FR_LIBS_set=
ac_cv_env_APERTIUM_FR_LIBS_value=
ac_cv_env_APERTIUM_IA_CFLAGS_set=
ac_cv_env_APERTIUM_IA_CFLAGS_value=
ac_cv_env_APERTIUM_IA_LIBS_set=
ac_cv_env_APERTIUM_IA_LIBS_value=
ac_cv_env_APERTIUM_LIBS_set=
ac_cv_env_APERTIUM_LIBS_value=
ac_cv_env_AP_LIB1_set=
ac_cv_env_AP_LIB1_value=
ac_cv_env_AP_LIB2_set=
ac_cv_env_AP_LIB2_value=
ac_cv_env_AP_SRC1_set=
ac_cv_env_AP_SRC1_value=
ac_cv_env_AP_SRC2_set=
ac_cv_env_AP_SRC2_value=
ac_cv_env_AP_SUBDIRS_set=
ac_cv_env_AP_SUBDIRS_value=
ac_cv_env_PKG_CONFIG_LIBDIR_set=
ac_cv_env_PKG_CONFIG_LIBDIR_value=
ac_cv_env_PKG_CONFIG_PATH_set=set
ac_cv_env_PKG_CONFIG_PATH_value=:/usr/local/share/pkgconfig:/usr/local/lib/pkgconfig
ac_cv_env_PKG_CONFIG_set=
ac_cv_env_PKG_CONFIG_value=
ac_cv_env_build_alias_set=
ac_cv_env_build_alias_value=
ac_cv_env_host_alias_set=
ac_cv_env_host_alias_value=
ac_cv_env_target_alias_set=
ac_cv_env_target_alias_value=
ac_cv_path_CGCOMP=/usr/local/bin/cg-comp
ac_cv_path_CGPROC=/usr/local/bin/cg-proc
ac_cv_path_LRXCOMP=/usr/local/bin/lrx-comp
ac_cv_path_LRXPROC=/usr/local/bin/lrx-proc
ac_cv_path_ZCAT=/usr/bin/gzcat
ac_cv_path_ac_pt_PKG_CONFIG=/opt/local/bin/pkg-config
ac_cv_path_install='/usr/bin/install -c'
ac_cv_prog_AWK=gawk
ac_cv_prog_make_make_set=yes
am_cv_make_support_nested_variables=yes
pkg_cv_APERTIUM_CFLAGS='-I/usr/local/include/apertium-3.4 -I/usr/local/lib/apertium-3.4/include -I/usr/local/include/lttoolbox-3.3 -I/usr/local/lib/lttoolbox-3.3/include -I/usr/localcross/target/bin/../macports/pkgs/opt/local/include/libxml2 -I/usr/local/Cellar/pcre/8.36/include -I/opt/local/include/libxml2 '
pkg_cv_APERTIUM_LIBS='-L/usr/local/lib -L/usr/localcross/target/bin/../macports/pkgs/opt/local/lib -L/usr/local/Cellar/pcre/8.36/lib -L/opt/local/lib -lapertium3 -llttoolbox3 -lxml2 -lpcre '

## ----------------- ##
## Output variables. ##
## ----------------- ##

ACLOCAL='${SHELL} /Users/ethanchi/Documents/apy/apertium-fr-ia/missing aclocal-1.14'
AMTAR='$${TAR-tar}'
AM_BACKSLASH='\'
AM_DEFAULT_V='$(AM_DEFAULT_VERBOSITY)'
AM_DEFAULT_VERBOSITY='1'
AM_V='$(V)'
APERTIUM_CFLAGS='-I/usr/local/include/apertium-3.4 -I/usr/local/lib/apertium-3.4/include -I/usr/local/include/lttoolbox-3.3 -I/usr/local/lib/lttoolbox-3.3/include -I/usr/localcross/target/bin/../macports/pkgs/opt/local/include/libxml2 -I/usr/local/Cellar/pcre/8.36/include -I/opt/local/include/libxml2 '
APERTIUM_FR_CFLAGS=''
APERTIUM_FR_LIBS=''
APERTIUM_IA_CFLAGS=''
APERTIUM_IA_LIBS=''
APERTIUM_LIBS='-L/usr/local/lib -L/usr/localcross/target/bin/../macports/pkgs/opt/local/lib -L/usr/local/Cellar/pcre/8.36/lib -L/opt/local/lib -lapertium3 -llttoolbox3 -lxml2 -lpcre '
AP_LIB1='../apertium-fr'
AP_LIB2='../apertium-ia'
AP_SRC1='../apertium-fr'
AP_SRC2='../apertium-ia'
AP_SUBDIRS=' ../apertium-fr ../apertium-ia'
AUTOCONF='${SHELL} /Users/ethanchi/Documents/apy/apertium-fr-ia/missing autoconf'
AUTOHEADER='${SHELL} /Users/ethanchi/Documents/apy/apertium-fr-ia/missing autoheader'
AUTOMAKE='${SHELL} /Users/ethanchi/Documents/apy/apertium-fr-ia/missing automake-1.14'
AWK='gawk'
CGCOMP='/usr/local/bin/cg-comp'
CGPROC='/usr/local/bin/cg-proc'
CYGPATH_W='echo'
DEFS='-DPACKAGE_NAME=\"apertium-fr-ia\" -DPACKAGE_TARNAME=\"apertium-fr-ia\" -DPACKAGE_VERSION=\"0.2.0\" -DPACKAGE_STRING=\"apertium-fr-ia\ 0.2.0\" -DPACKAGE_BUGREPORT=\"\" -DPACKAGE_URL=\"\"'
ECHO_C='\c'
ECHO_N=''
ECHO_T=''
INSTALL_DATA='${INSTALL} -m 644'
INSTALL_PROGRAM='${INSTALL}'
INSTALL_SCRIPT='${INSTALL}'
INSTALL_STRIP_PROGRAM='$(install_sh) -c -s'
LIBOBJS=''
LIBS=''
LN_S='ln -s'
LRXCOMP='/usr/local/bin/lrx-comp'
LRXPROC='/usr/local/bin/lrx-proc'
LTLIBOBJS=''
MAKEINFO='${SHELL} /Users/ethanchi/Documents/apy/apertium-fr-ia/missing makeinfo'
MKDIR_P='./install-sh -c -d'
PACKAGE='apertium-fr-ia'
PACKAGE_BUGREPORT=''
PACKAGE_NAME='apertium-fr-ia'
PACKAGE_STRING='apertium-fr-ia 0.2.0'
PACKAGE_TARNAME='apertium-fr-ia'
PACKAGE_URL=''
PACKAGE_VERSION='0.2.0'
PATH_SEPARATOR=':'
PKG_CONFIG='/opt/local/bin/pkg-config'
PKG_CONFIG_LIBDIR=''
PKG_CONFIG_PATH=':/usr/local/share/pkgconfig:/usr/local/lib/pkgconfig'
SET_MAKE=''
SHELL='/bin/sh'
STRIP=''
VERSION='0.2.0'
ZCAT='/usr/bin/gzcat'
am__isrc=''
am__leading_dot='.'
am__tar='$${TAR-tar} chof - "$$tardir"'
am__untar='$${TAR-tar} xf -'
bindir='${exec_prefix}/bin'
build_alias=''
datadir='${datarootdir}'
datarootdir='${prefix}/share'
docdir='${datarootdir}/doc/${PACKAGE_TARNAME}'
dvidir='${docdir}'
exec_prefix='${prefix}'
host_alias=''
htmldir='${docdir}'
includedir='${prefix}/include'
infodir='${datarootdir}/info'
install_sh='${SHELL} /Users/ethanchi/Documents/apy/apertium-fr-ia/install-sh'
libdir='${exec_prefix}/lib'
libexecdir='${exec_prefix}/libexec'
localedir='${datarootdir}/locale'
localstatedir='${prefix}/var'
mandir='${datarootdir}/man'
mkdir_p='$(MKDIR_P)'
oldincludedir='/usr/include'
pdfdir='${docdir}'
prefix='/usr/local'
program_transform_name='s,x,x,'
psdir='${docdir}'
sbindir='${exec_prefix}/sbin'
sharedstatedir='${prefix}/com'
sysconfdir='${prefix}/etc'
target_alias=''

## ------------------- ##
## File substitutions. ##
## ------------------- ##

ap_include='./ap_include.am'

## ----------- ##
## confdefs.h. ##
## ----------- ##

/* confdefs.h */
#define PACKAGE_NAME "apertium-fr-ia"
#define PACKAGE_TARNAME "apertium-fr-ia"
#define PACKAGE_VERSION "0.2.0"
#define PACKAGE_STRING "apertium-fr-ia 0.2.0"
#define PACKAGE_BUGREPORT ""
#define PACKAGE_URL ""

configure: exit 0
